<?xml version="1.0" encoding="UTF-8"?>
<testng-results ignored="0" total="1" passed="1" failed="0" skipped="0">
  <reporter-output>
  </reporter-output>
  <suite started-at="2022-07-05T13:41:50 IST" name="Default suite" finished-at="2022-07-05T13:45:25 IST" duration-ms="214126">
    <groups>
    </groups>
    <test started-at="2022-07-05T13:41:50 IST" name="Default test" finished-at="2022-07-05T13:45:25 IST" duration-ms="214126">
      <class name="Com.MyFirst.AppTest">
        <test-method signature="startChromeDriver()[pri:0, instance:Com.MyFirst.AppTest@436813f3]" started-at="2022-07-05T13:41:51 IST" name="startChromeDriver" finished-at="2022-07-05T13:45:25 IST" duration-ms="214072" status="PASS">
          <reporter-output>
          </reporter-output>
        </test-method> <!-- startChromeDriver -->
      </class> <!-- Com.MyFirst.AppTest -->
    </test> <!-- Default test -->
  </suite> <!-- Default suite -->
</testng-results>
